2024-08-29 17:15:51 [ERROR] Failed to bind to port :  Permission denied
2024-08-29 17:18:24 [INFO] Server initialized on port 8080
2024-08-29 17:18:24 [INFO] Server started running
2024-08-29 17:18:54 [DEBUG] New client created with fd: 5, password set: false
2024-08-29 17:18:54 [INFO] New client connected from 127.0.0.1
2024-08-29 17:19:04 [INFO] CLIENT BUFFER: PASS psw
2024-08-29 17:19:11 [INFO] CLIENT BUFFER: PASS pswNICK a
2024-08-29 17:19:32 [INFO] CLIENT BUFFER: PASS pswNICK aUSER usr 0 * :user user
2024-08-29 17:20:00 [INFO] CLIENT BUFFER: PASS pswNICK aUSER usr 0 * :user user\r\n
2024-08-29 17:20:51 [INFO] Client disconnected: 5
2024-08-29 17:20:51 [INFO] Removing client: 5
2024-08-29 17:20:54 [INFO] Server initialized on port 8080
2024-08-29 17:20:54 [INFO] Server started running
2024-08-29 17:21:04 [DEBUG] New client created with fd: 5, password set: false
2024-08-29 17:21:04 [INFO] New client connected from 127.0.0.1
2024-08-29 17:21:08 [INFO] CLIENT BUFFER: PASS psw
2024-08-29 17:25:32 [INFO] CLIENT BUFFER: PASS psw
2024-08-29 17:25:57 [INFO] CLIENT BUFFER: PASS psw
2024-08-29 17:27:15 [ERROR] Failed to bind to port :  Address already in use
2024-08-29 17:27:24 [INFO] Server initialized on port 8080
2024-08-29 17:27:24 [INFO] Server started running
2024-08-29 17:27:30 [DEBUG] New client created with fd: 5, password set: false
2024-08-29 17:27:30 [INFO] New client connected from 127.0.0.1
2024-08-29 17:27:37 [INFO] CLIENT BUFFER: PASS psw
2024-08-29 17:27:44 [INFO] CLIENT BUFFER: PASS psw

2024-08-29 17:27:44 [DEBUG] Received command from client 5: PASS psw
2024-08-29 17:27:44 [DEBUG] Parsing command: PASS psw
2024-08-29 17:27:44 [DEBUG] Extracted prefix: ''
2024-08-29 17:27:44 [DEBUG] Extracted command: 'PASS'
2024-08-29 17:27:44 [DEBUG] Extracted parameter: 'psw'
2024-08-29 17:27:44 [DEBUG] Parsed command - Prefix: '', Command: 'PASS', Parameters: 1
2024-08-29 17:27:44 [DEBUG] Parameter 0: 'psw'
2024-08-29 17:27:44 [INFO] Parsed command: PASS psw
2024-08-29 17:27:44 [DEBUG] Executing PASS command. Client password set: false
2024-08-29 17:27:44 [INFO] Param[0]: psw actual psw: psw
2024-08-29 17:27:44 [DEBUG] Client 5 set password correctly.
2024-08-29 17:28:21 [INFO] CLIENT BUFFER: NICK a

2024-08-29 17:28:21 [DEBUG] Received command from client 5: NICK a
2024-08-29 17:28:21 [DEBUG] Parsing command: NICK a
2024-08-29 17:28:21 [DEBUG] Extracted prefix: ''
2024-08-29 17:28:21 [DEBUG] Extracted command: 'NICK'
2024-08-29 17:28:21 [DEBUG] Extracted parameter: 'a'
2024-08-29 17:28:21 [DEBUG] Parsed command - Prefix: '', Command: 'NICK', Parameters: 1
2024-08-29 17:28:21 [DEBUG] Parameter 0: 'a'
2024-08-29 17:28:21 [INFO] Parsed command: NICK a
2024-08-29 17:28:21 [DEBUG] Executing NICK command. Current nickname: 
2024-08-29 17:28:21 [DEBUG] Nickname changed from  to a
2024-08-29 17:28:45 [INFO] CLIENT BUFFER: USER user 0 * :user user
2024-08-29 17:28:51 [INFO] CLIENT BUFFER: USER user 0 * :user user

2024-08-29 17:28:51 [DEBUG] Received command from client 5: USER user 0 * :user user
2024-08-29 17:28:51 [DEBUG] Parsing command: USER user 0 * :user user
2024-08-29 17:28:51 [DEBUG] Extracted prefix: ''
2024-08-29 17:28:51 [DEBUG] Extracted command: 'USER'
2024-08-29 17:28:51 [DEBUG] Extracted parameter: 'user'
2024-08-29 17:28:51 [DEBUG] Extracted parameter: '0'
2024-08-29 17:28:51 [DEBUG] Extracted parameter: '*'
2024-08-29 17:28:51 [DEBUG] Extracted trailing parameter: 'user user'
2024-08-29 17:28:51 [DEBUG] Parsed command - Prefix: '', Command: 'USER', Parameters: 4
2024-08-29 17:28:51 [DEBUG] Parameter 0: 'user'
2024-08-29 17:28:51 [DEBUG] Parameter 1: '0'
2024-08-29 17:28:51 [DEBUG] Parameter 2: '*'
2024-08-29 17:28:51 [DEBUG] Parameter 3: 'user user'
2024-08-29 17:28:51 [INFO] Parsed command: USER user 0 * user user
2024-08-29 17:28:51 [DEBUG] Executing USER command. Is user set: false
2024-08-29 17:28:51 [DEBUG] User info set - Username: user, Realname: user user
2024-08-29 17:28:51 [DEBUG] Sending reply to client 5: :ft_irc.com [001] a :Welcome to the Internet Relay Network a!user@127.0.0.1

2024-08-29 17:28:51 [DEBUG] Successfully sent 77 bytes to client 5
2024-08-29 17:28:51 [DEBUG] Registration complete, sent welcome message
2024-08-29 17:30:24 [INFO] CLIENT BUFFER: JOIN #ok
2024-08-29 17:30:29 [INFO] CLIENT BUFFER: JOIN #ok

2024-08-29 17:30:29 [DEBUG] Received command from client 5: JOIN #ok
2024-08-29 17:30:29 [DEBUG] Parsing command: JOIN #ok
2024-08-29 17:30:29 [DEBUG] Extracted prefix: ''
2024-08-29 17:30:29 [DEBUG] Extracted command: 'JOIN'
2024-08-29 17:30:29 [DEBUG] Extracted parameter: '#ok'
2024-08-29 17:30:29 [DEBUG] Parsed command - Prefix: '', Command: 'JOIN', Parameters: 1
2024-08-29 17:30:29 [DEBUG] Parameter 0: '#ok'
2024-08-29 17:30:29 [INFO] Parsed command: JOIN #ok
2024-08-29 17:30:29 [INFO] AGGIUNTO OPERATORE!!!!!!!!!
2024-08-29 17:30:29 [DEBUG] Successfully sent 29 bytes to client 5
2024-08-29 17:30:29 [DEBUG] Sending reply to client 5: :ft_irc.com [331] a #ok :No topic is set

2024-08-29 17:30:29 [DEBUG] Successfully sent 42 bytes to client 5
2024-08-29 17:30:29 [INFO] Channel size is 0, client is now the operator!
2024-08-29 17:30:29 [INFO] AGGIUNTO OPERATORE!!!!!!!!!
2024-08-29 17:30:29 [INFO] >>>>>>>>>>>>>>>>>>>>>>>>>>>>>>>>>OOOOK
2024-08-29 17:30:29 [DEBUG] Sending reply to client 5: :ft_irc.com [353] a = #ok :a

2024-08-29 17:30:29 [DEBUG] Successfully sent 30 bytes to client 5
2024-08-29 17:30:29 [DEBUG] Sending reply to client 5: :ft_irc.com [366] a #ok :End of /NAMES list

2024-08-29 17:30:29 [DEBUG] Successfully sent 45 bytes to client 5
2024-08-29 17:30:47 [DEBUG] New client created with fd: 6, password set: false
2024-08-29 17:30:47 [INFO] New client connected from 127.0.0.1
2024-08-29 17:30:59 [INFO] CLIENT BUFFER: PASS psw

2024-08-29 17:30:59 [DEBUG] Received command from client 6: PASS psw
2024-08-29 17:30:59 [DEBUG] Parsing command: PASS psw
2024-08-29 17:30:59 [DEBUG] Extracted prefix: ''
2024-08-29 17:30:59 [DEBUG] Extracted command: 'PASS'
2024-08-29 17:30:59 [DEBUG] Extracted parameter: 'psw'
2024-08-29 17:30:59 [DEBUG] Parsed command - Prefix: '', Command: 'PASS', Parameters: 1
2024-08-29 17:30:59 [DEBUG] Parameter 0: 'psw'
2024-08-29 17:30:59 [INFO] Parsed command: PASS psw
2024-08-29 17:30:59 [DEBUG] Executing PASS command. Client password set: false
2024-08-29 17:30:59 [INFO] Param[0]: psw actual psw: psw
2024-08-29 17:30:59 [DEBUG] Client 6 set password correctly.
2024-08-29 17:31:05 [INFO] CLIENT BUFFER: NICK b

2024-08-29 17:31:05 [DEBUG] Received command from client 6: NICK b
2024-08-29 17:31:05 [DEBUG] Parsing command: NICK b
2024-08-29 17:31:05 [DEBUG] Extracted prefix: ''
2024-08-29 17:31:05 [DEBUG] Extracted command: 'NICK'
2024-08-29 17:31:05 [DEBUG] Extracted parameter: 'b'
2024-08-29 17:31:05 [DEBUG] Parsed command - Prefix: '', Command: 'NICK', Parameters: 1
2024-08-29 17:31:05 [DEBUG] Parameter 0: 'b'
2024-08-29 17:31:05 [INFO] Parsed command: NICK b
2024-08-29 17:31:05 [DEBUG] Executing NICK command. Current nickname: 
2024-08-29 17:31:05 [DEBUG] Successfully sent 21 bytes to client 5
2024-08-29 17:31:05 [DEBUG] Nickname changed from  to b
2024-08-29 17:31:41 [INFO] CLIENT BUFFER: USER user1 0 * :user1 user1

2024-08-29 17:31:41 [DEBUG] Received command from client 6: USER user1 0 * :user1 user1
2024-08-29 17:31:41 [DEBUG] Parsing command: USER user1 0 * :user1 user1
2024-08-29 17:31:41 [DEBUG] Extracted prefix: ''
2024-08-29 17:31:41 [DEBUG] Extracted command: 'USER'
2024-08-29 17:31:41 [DEBUG] Extracted parameter: 'user1'
2024-08-29 17:31:41 [DEBUG] Extracted parameter: '0'
2024-08-29 17:31:41 [DEBUG] Extracted parameter: '*'
2024-08-29 17:31:41 [DEBUG] Extracted trailing parameter: 'user1 user1'
2024-08-29 17:31:41 [DEBUG] Parsed command - Prefix: '', Command: 'USER', Parameters: 4
2024-08-29 17:31:41 [DEBUG] Parameter 0: 'user1'
2024-08-29 17:31:41 [DEBUG] Parameter 1: '0'
2024-08-29 17:31:41 [DEBUG] Parameter 2: '*'
2024-08-29 17:31:41 [DEBUG] Parameter 3: 'user1 user1'
2024-08-29 17:31:41 [INFO] Parsed command: USER user1 0 * user1 user1
2024-08-29 17:31:41 [DEBUG] Executing USER command. Is user set: false
2024-08-29 17:31:41 [DEBUG] User info set - Username: user1, Realname: user1 user1
2024-08-29 17:31:41 [DEBUG] Sending reply to client 6: :ft_irc.com [001] b :Welcome to the Internet Relay Network b!user1@127.0.0.1

2024-08-29 17:31:41 [DEBUG] Successfully sent 78 bytes to client 6
2024-08-29 17:31:41 [DEBUG] Registration complete, sent welcome message
2024-08-29 17:31:48 [INFO] CLIENT BUFFER: JOIN #ok
2024-08-29 17:31:56 [INFO] CLIENT BUFFER: JOIN #ok

2024-08-29 17:31:56 [DEBUG] Received command from client 6: JOIN #ok
2024-08-29 17:31:56 [DEBUG] Parsing command: JOIN #ok
2024-08-29 17:31:56 [DEBUG] Extracted prefix: ''
2024-08-29 17:31:56 [DEBUG] Extracted command: 'JOIN'
2024-08-29 17:31:56 [DEBUG] Extracted parameter: '#ok'
2024-08-29 17:31:56 [DEBUG] Parsed command - Prefix: '', Command: 'JOIN', Parameters: 1
2024-08-29 17:31:56 [DEBUG] Parameter 0: '#ok'
2024-08-29 17:31:56 [INFO] Parsed command: JOIN #ok
2024-08-29 17:31:56 [DEBUG] Successfully sent 30 bytes to client 5
2024-08-29 17:31:56 [DEBUG] Successfully sent 30 bytes to client 6
2024-08-29 17:31:56 [DEBUG] Sending reply to client 6: :ft_irc.com [331] b #ok :No topic is set

2024-08-29 17:31:56 [DEBUG] Successfully sent 42 bytes to client 6
2024-08-29 17:31:56 [INFO] >>>>>>>>>>>>>>>>>>>>>>>>>>>>>>>>>OOOOK
2024-08-29 17:31:56 [DEBUG] Sending reply to client 6: :ft_irc.com [353] b = #ok :a b

2024-08-29 17:31:56 [DEBUG] Successfully sent 32 bytes to client 6
2024-08-29 17:31:56 [DEBUG] Sending reply to client 6: :ft_irc.com [366] b #ok :End of /NAMES list

2024-08-29 17:31:56 [DEBUG] Successfully sent 45 bytes to client 6
2024-08-29 17:32:13 [INFO] CLIENT BUFFER: TOPIC #ok

2024-08-29 17:32:13 [DEBUG] Received command from client 6: TOPIC #ok
2024-08-29 17:32:13 [DEBUG] Parsing command: TOPIC #ok
2024-08-29 17:32:13 [DEBUG] Extracted prefix: ''
2024-08-29 17:32:13 [DEBUG] Extracted command: 'TOPIC'
2024-08-29 17:32:13 [DEBUG] Extracted parameter: '#ok'
2024-08-29 17:32:13 [DEBUG] Parsed command - Prefix: '', Command: 'TOPIC', Parameters: 1
2024-08-29 17:32:13 [DEBUG] Parameter 0: '#ok'
2024-08-29 17:32:13 [INFO] Parsed command: TOPIC #ok
2024-08-29 17:32:13 [INFO] >>>>>> #ok
2024-08-29 17:32:13 [DEBUG] Sending reply to client 6: :ft_irc.com [482] #ok :You're not channel operator

2024-08-29 17:32:13 [DEBUG] Successfully sent 52 bytes to client 6
2024-08-29 17:32:23 [INFO] CLIENT BUFFER: TOPIC #ok^M^J
2024-08-29 17:32:26 [INFO] CLIENT BUFFER: TOPIC #ok^M^J
2024-08-29 17:32:42 [INFO] CLIENT BUFFER: TOPIC #ok^M^JTOPIC #ok

2024-08-29 17:32:42 [DEBUG] Received command from client 5: TOPIC #ok^M^JTOPIC #ok
2024-08-29 17:32:42 [DEBUG] Parsing command: TOPIC #ok^M^JTOPIC #ok
2024-08-29 17:32:42 [DEBUG] Extracted prefix: ''
2024-08-29 17:32:42 [DEBUG] Extracted command: 'TOPIC'
2024-08-29 17:32:42 [DEBUG] Extracted parameter: '#ok^M^JTOPIC'
2024-08-29 17:32:42 [DEBUG] Extracted parameter: '#ok'
2024-08-29 17:32:42 [DEBUG] Parsed command - Prefix: '', Command: 'TOPIC', Parameters: 2
2024-08-29 17:32:42 [DEBUG] Parameter 0: '#ok^M^JTOPIC'
2024-08-29 17:32:42 [DEBUG] Parameter 1: '#ok'
2024-08-29 17:32:42 [INFO] Parsed command: TOPIC #ok^M^JTOPIC #ok
2024-08-29 17:32:42 [INFO] >>>>>> #ok^M^JTOPIC
2024-08-29 17:32:53 [INFO] CLIENT BUFFER: 

2024-08-29 17:33:02 [INFO] CLIENT BUFFER: TOPIC #ok

2024-08-29 17:33:02 [DEBUG] Received command from client 5: TOPIC #ok
2024-08-29 17:33:02 [DEBUG] Parsing command: TOPIC #ok
2024-08-29 17:33:02 [DEBUG] Extracted prefix: ''
2024-08-29 17:33:02 [DEBUG] Extracted command: 'TOPIC'
2024-08-29 17:33:02 [DEBUG] Extracted parameter: '#ok'
2024-08-29 17:33:02 [DEBUG] Parsed command - Prefix: '', Command: 'TOPIC', Parameters: 1
2024-08-29 17:33:02 [DEBUG] Parameter 0: '#ok'
2024-08-29 17:33:02 [INFO] Parsed command: TOPIC #ok
2024-08-29 17:33:02 [INFO] >>>>>> #ok
2024-08-29 17:33:02 [DEBUG] Sending reply to client 5: :ft_irc.com [331] #ok :No topic is set

2024-08-29 17:33:02 [DEBUG] Successfully sent 40 bytes to client 5
2024-08-29 17:33:46 [INFO] CLIENT BUFFER: MODE #ok +o b

2024-08-29 17:33:46 [DEBUG] Received command from client 5: MODE #ok +o b
2024-08-29 17:33:46 [DEBUG] Parsing command: MODE #ok +o b
2024-08-29 17:33:46 [DEBUG] Extracted prefix: ''
2024-08-29 17:33:46 [DEBUG] Extracted command: 'MODE'
2024-08-29 17:33:46 [DEBUG] Extracted parameter: '#ok'
2024-08-29 17:33:46 [DEBUG] Extracted parameter: '+o'
2024-08-29 17:33:46 [DEBUG] Extracted parameter: 'b'
2024-08-29 17:33:46 [DEBUG] Parsed command - Prefix: '', Command: 'MODE', Parameters: 3
2024-08-29 17:33:46 [DEBUG] Parameter 0: '#ok'
2024-08-29 17:33:46 [DEBUG] Parameter 1: '+o'
2024-08-29 17:33:46 [DEBUG] Parameter 2: 'b'
2024-08-29 17:33:46 [INFO] Parsed command: MODE #ok +o b
2024-08-29 17:33:46 [INFO] A
2024-08-29 17:33:46 [INFO] 1
2024-08-29 17:33:46 [INFO] Parameter 0: '#ok'
2024-08-29 17:33:46 [INFO] Parameter 1: '+o'
2024-08-29 17:33:46 [INFO] Parameter 2: 'b'
2024-08-29 17:33:46 [INFO] 2
2024-08-29 17:33:46 [INFO] 3
2024-08-29 17:33:46 [INFO] B
2024-08-29 17:33:46 [INFO] C
2024-08-29 17:33:46 [INFO] D
2024-08-29 17:33:46 [INFO] In for loop, i: 0
2024-08-29 17:33:46 [INFO] In for loop, i: 1
2024-08-29 17:33:46 [INFO] F
2024-08-29 17:33:46 [INFO] G
2024-08-29 17:33:46 [INFO] In case o
2024-08-29 17:33:46 [INFO] H
2024-08-29 17:33:46 [INFO] targetClient: b
2024-08-29 17:33:46 [INFO] AGGIUNTO OPERATORE!!!!!!!!!
2024-08-29 17:33:46 [DEBUG] Successfully sent 17 bytes to client 5
2024-08-29 17:33:46 [DEBUG] Successfully sent 17 bytes to client 6
2024-08-29 17:33:52 [INFO] CLIENT BUFFER: 
2024-08-29 17:34:01 [INFO] CLIENT BUFFER: TOPIC #ok

2024-08-29 17:34:01 [DEBUG] Received command from client 6: TOPIC #ok
2024-08-29 17:34:01 [DEBUG] Parsing command: TOPIC #ok
2024-08-29 17:34:01 [DEBUG] Extracted prefix: ''
2024-08-29 17:34:01 [DEBUG] Extracted command: 'TOPIC'
2024-08-29 17:34:01 [DEBUG] Extracted parameter: '#ok'
2024-08-29 17:34:01 [DEBUG] Parsed command - Prefix: '', Command: 'TOPIC', Parameters: 1
2024-08-29 17:34:01 [DEBUG] Parameter 0: '#ok'
2024-08-29 17:34:01 [INFO] Parsed command: TOPIC #ok
2024-08-29 17:34:01 [INFO] >>>>>> #ok
2024-08-29 17:34:01 [DEBUG] Sending reply to client 6: :ft_irc.com [331] #ok :No topic is set

2024-08-29 17:34:01 [DEBUG] Successfully sent 40 bytes to client 6
